2020-03-22T10:33:47+00:00 CRITICAL Maximum execution time of 120 seconds exceeded in C:\xampp\htdocs\mysite\wp-includes\Requests\Transport\cURL.php on line 163

2020-03-22T13:05:26+00:00 CRITICAL Uncaught Error: [] operator not supported for strings in C:\xampp\htdocs\mysite\wp-content\plugins\revslider\inc_php\framework\base_admin.class.php:73
Stack trace:
#0 C:\xampp\htdocs\mysite\wp-content\plugins\revslider\revslider_admin.php(237): UniteBaseAdminClassRev::addMetaBox('Revolution Slid...', Object(UniteSettingsAdvancedRev), Array, NULL)
#1 C:\xampp\htdocs\mysite\wp-content\plugins\revslider\revslider_admin.php(68): RevSliderAdmin->addSliderMetaBox()
#2 C:\xampp\htdocs\mysite\wp-content\plugins\revslider\revslider_admin.php(40): RevSliderAdmin->init()
#3 C:\xampp\htdocs\mysite\wp-content\plugins\revslider\revslider.php(147): RevSliderAdmin->__construct('C:\\xampp\\htdocs...')
#4 C:\xampp\htdocs\mysite\wp-admin\includes\plugin.php(650): include_once('C:\\xampp\\htdocs...')
#5 C:\xampp\htdocs\mysite\wp-admin\plugins.php(44): activate_plugin('revslider/revsl...', 'http://localhos...', false)
#6 {main}
  thrown in C:\xampp\htdocs\mysite\wp-content\plugins\revslider\inc_php\framework\base_admin.class.php on line 73

2020-03-22T13:05:31+00:00 CRITICAL Uncaught Error: [] operator not supported for strings in C:\xampp\htdocs\mysite\wp-content\plugins\revslider\inc_php\framework\base_admin.class.php:73
Stack trace:
#0 C:\xampp\htdocs\mysite\wp-content\plugins\revslider\revslider_admin.php(237): UniteBaseAdminClassRev::addMetaBox('Revolution Slid...', Object(UniteSettingsAdvancedRev), Array, NULL)
#1 C:\xampp\htdocs\mysite\wp-content\plugins\revslider\revslider_admin.php(68): RevSliderAdmin->addSliderMetaBox()
#2 C:\xampp\htdocs\mysite\wp-content\plugins\revslider\revslider_admin.php(40): RevSliderAdmin->init()
#3 C:\xampp\htdocs\mysite\wp-content\plugins\revslider\revslider.php(147): RevSliderAdmin->__construct('C:\\xampp\\htdocs...')
#4 C:\xampp\htdocs\mysite\wp-admin\includes\plugin.php(2223): include('C:\\xampp\\htdocs...')
#5 C:\xampp\htdocs\mysite\wp-admin\plugins.php(175): plugin_sandbox_scrape('revslider/revsl...')
#6 {main}
  thrown in C:\xampp\htdocs\mysite\wp-content\plugins\revslider\inc_php\framework\base_admin.class.php on line 73

2020-03-22T13:05:31+00:00 CRITICAL Uncaught Error: [] operator not supported for strings in C:\xampp\htdocs\mysite\wp-content\plugins\revslider\inc_php\framework\base_admin.class.php:73
Stack trace:
#0 C:\xampp\htdocs\mysite\wp-content\plugins\revslider\revslider_admin.php(237): UniteBaseAdminClassRev::addMetaBox('Revolution Slid...', Object(UniteSettingsAdvancedRev), Array, NULL)
#1 C:\xampp\htdocs\mysite\wp-content\plugins\revslider\revslider_admin.php(68): RevSliderAdmin->addSliderMetaBox()
#2 C:\xampp\htdocs\mysite\wp-content\plugins\revslider\revslider_admin.php(40): RevSliderAdmin->init()
#3 C:\xampp\htdocs\mysite\wp-content\plugins\revslider\revslider.php(147): RevSliderAdmin->__construct('C:\\xampp\\htdocs...')
#4 C:\xampp\htdocs\mysite\wp-admin\includes\plugin.php(2223): include('C:\\xampp\\htdocs...')
#5 C:\xampp\htdocs\mysite\wp-admin\plugins.php(175): plugin_sandbox_scrape('revslider/revsl...')
#6 {main}
  thrown in C:\xampp\htdocs\mysite\wp-content\plugins\revslider\inc_php\framework\base_admin.class.php on line 73

2020-03-22T13:22:48+00:00 CRITICAL Uncaught Error: [] operator not supported for strings in C:\xampp\htdocs\mysite\wp-content\plugins\revslider\inc_php\framework\base_admin.class.php:73
Stack trace:
#0 C:\xampp\htdocs\mysite\wp-content\plugins\revslider\revslider_admin.php(237): UniteBaseAdminClassRev::addMetaBox('Revolution Slid...', Object(UniteSettingsAdvancedRev), Array, NULL)
#1 C:\xampp\htdocs\mysite\wp-content\plugins\revslider\revslider_admin.php(68): RevSliderAdmin->addSliderMetaBox()
#2 C:\xampp\htdocs\mysite\wp-content\plugins\revslider\revslider_admin.php(40): RevSliderAdmin->init()
#3 C:\xampp\htdocs\mysite\wp-content\plugins\revslider\revslider.php(147): RevSliderAdmin->__construct('C:\\xampp\\htdocs...')
#4 C:\xampp\htdocs\mysite\wp-admin\includes\plugin.php(650): include_once('C:\\xampp\\htdocs...')
#5 C:\xampp\htdocs\mysite\wp-content\themes\archi\framework\class-tgm-plugin-activation.php(744): activate_plugin('revslider/revsl...')
#6 C:\xampp\htdocs\mysite\wp-content\themes\archi\framework\class-tgm-plugin-activation.php(655) in C:\xampp\htdocs\mysite\wp-content\plugins\revslider\inc_php\framework\base_admin.class.php on line 73

2020-03-22T13:31:50+00:00 CRITICAL Uncaught Error: [] operator not supported for strings in C:\xampp\htdocs\mysite\wp-content\plugins\revslider\inc_php\framework\base_admin.class.php:73
Stack trace:
#0 C:\xampp\htdocs\mysite\wp-content\plugins\revslider\revslider_admin.php(237): UniteBaseAdminClassRev::addMetaBox('Revolution Slid...', Object(UniteSettingsAdvancedRev), Array, NULL)
#1 C:\xampp\htdocs\mysite\wp-content\plugins\revslider\revslider_admin.php(68): RevSliderAdmin->addSliderMetaBox()
#2 C:\xampp\htdocs\mysite\wp-content\plugins\revslider\revslider_admin.php(40): RevSliderAdmin->init()
#3 C:\xampp\htdocs\mysite\wp-content\plugins\revslider\revslider.php(147): RevSliderAdmin->__construct('C:\\xampp\\htdocs...')
#4 C:\xampp\htdocs\mysite\wp-admin\includes\plugin.php(650): include_once('C:\\xampp\\htdocs...')
#5 C:\xampp\htdocs\mysite\wp-admin\plugins.php(44): activate_plugin('revslider/revsl...', 'http://localhos...', false)
#6 {main}
  thrown in C:\xampp\htdocs\mysite\wp-content\plugins\revslider\inc_php\framework\base_admin.class.php on line 73

2020-03-22T13:31:54+00:00 CRITICAL Uncaught Error: [] operator not supported for strings in C:\xampp\htdocs\mysite\wp-content\plugins\revslider\inc_php\framework\base_admin.class.php:73
Stack trace:
#0 C:\xampp\htdocs\mysite\wp-content\plugins\revslider\revslider_admin.php(237): UniteBaseAdminClassRev::addMetaBox('Revolution Slid...', Object(UniteSettingsAdvancedRev), Array, NULL)
#1 C:\xampp\htdocs\mysite\wp-content\plugins\revslider\revslider_admin.php(68): RevSliderAdmin->addSliderMetaBox()
#2 C:\xampp\htdocs\mysite\wp-content\plugins\revslider\revslider_admin.php(40): RevSliderAdmin->init()
#3 C:\xampp\htdocs\mysite\wp-content\plugins\revslider\revslider.php(147): RevSliderAdmin->__construct('C:\\xampp\\htdocs...')
#4 C:\xampp\htdocs\mysite\wp-admin\includes\plugin.php(2223): include('C:\\xampp\\htdocs...')
#5 C:\xampp\htdocs\mysite\wp-admin\plugins.php(175): plugin_sandbox_scrape('revslider/revsl...')
#6 {main}
  thrown in C:\xampp\htdocs\mysite\wp-content\plugins\revslider\inc_php\framework\base_admin.class.php on line 73

2020-03-22T13:31:54+00:00 CRITICAL Uncaught Error: [] operator not supported for strings in C:\xampp\htdocs\mysite\wp-content\plugins\revslider\inc_php\framework\base_admin.class.php:73
Stack trace:
#0 C:\xampp\htdocs\mysite\wp-content\plugins\revslider\revslider_admin.php(237): UniteBaseAdminClassRev::addMetaBox('Revolution Slid...', Object(UniteSettingsAdvancedRev), Array, NULL)
#1 C:\xampp\htdocs\mysite\wp-content\plugins\revslider\revslider_admin.php(68): RevSliderAdmin->addSliderMetaBox()
#2 C:\xampp\htdocs\mysite\wp-content\plugins\revslider\revslider_admin.php(40): RevSliderAdmin->init()
#3 C:\xampp\htdocs\mysite\wp-content\plugins\revslider\revslider.php(147): RevSliderAdmin->__construct('C:\\xampp\\htdocs...')
#4 C:\xampp\htdocs\mysite\wp-admin\includes\plugin.php(2223): include('C:\\xampp\\htdocs...')
#5 C:\xampp\htdocs\mysite\wp-admin\plugins.php(175): plugin_sandbox_scrape('revslider/revsl...')
#6 {main}
  thrown in C:\xampp\htdocs\mysite\wp-content\plugins\revslider\inc_php\framework\base_admin.class.php on line 73

